{"name": "test_registration", "status": "failed", "statusDetails": {"message": "AssertionError: Лоадер не появился\nassert False\n +  where False = is_displayed()\n +    where is_displayed = <selenium.webdriver.remote.webelement.WebElement (session=\"f56bae65e16ba1387eecbb6836017e77\", element=\"f.8AD717B1C414E917B7E7158CACFE49E8.d.3CFD6FABACD26BFA51B1101A0ECF7533.e.10\")>.is_displayed", "trace": "driver = <selenium.webdriver.chrome.webdriver.WebDriver (session=\"f56bae65e16ba1387eecbb6836017e77\")>\n\n    def test_registration(driver):\n        driver.get('https://victoretc.github.io/selenium_waits/')\n    \n        time.sleep(7)\n        visible_after_button = driver.find_element(By.ID, \"startTest\")\n        assert visible_after_button.text == 'Начать тестирование'\n    \n        visible_after_button.click()\n    \n        time.sleep(3)\n        result_element = driver.find_element(By.ID, \"register\")\n        assert result_element.text == \"Зарегистрироваться\", \"Клик не привел к ожидаемому результату\"\n        print(\"Тест пройден: клик по кнопке работает корректно\")\n    \n        login_field = driver.find_element(By.ID, \"login\")\n        password_field = driver.find_element(By.ID, \"password\")\n        login_field.send_keys(\"login\")\n        password_field.send_keys(\"password\")\n    \n        assert login_field.get_attribute(\"value\") == \"login\" and password_field.get_attribute(\n            \"value\") == \"password\", \"Текст в полях не соответствует ожидаемым\"\n        print(\"Текст введен в поля корректно\")\n    \n        checkbox = driver.find_element(By.ID, \"agree\")\n        checkbox.click()\n    \n        register_button = driver.find_element(By.ID, \"register\")\n        register_button.click()\n    \n        time.sleep(3)\n        loader = driver.find_element(By.ID, \"loader\")\n>       assert loader.is_displayed(), 'Лоадер не появился'\nE       AssertionError: Лоадер не появился\nE       assert False\nE        +  where False = is_displayed()\nE        +    where is_displayed = <selenium.webdriver.remote.webelement.WebElement (session=\"f56bae65e16ba1387eecbb6836017e77\", element=\"f.8AD717B1C414E917B7E7158CACFE49E8.d.3CFD6FABACD26BFA51B1101A0ECF7533.e.10\")>.is_displayed\n\nlesson3\\tests\\test_hw3_sleep.py:35: AssertionError"}, "attachments": [{"name": "stdout", "source": "43ebb5a4-8156-4486-9fb6-3f66ec22e40d-attachment.txt", "type": "text/plain"}], "start": 1731169996703, "stop": 1731170010469, "uuid": "8ac3f381-9e51-4cc1-bf42-222aedebfac2", "historyId": "948b934fa1dc4b215d9787ff1af34015", "testCaseId": "948b934fa1dc4b215d9787ff1af34015", "fullName": "lesson3.tests.test_hw3_sleep#test_registration", "labels": [{"name": "parentSuite", "value": "lesson3.tests"}, {"name": "suite", "value": "test_hw3_sleep"}, {"name": "host", "value": "DESKTOP-NLP3K15"}, {"name": "thread", "value": "9960-MainThread"}, {"name": "framework", "value": "pytest"}, {"name": "language", "value": "cpython3"}, {"name": "package", "value": "lesson3.tests.test_hw3_sleep"}]}